Using pre-set license
Built from '2022.3/staging' branch; Version is '2022.3.10f1 (ff3792e53c62) revision 16725906'; Using compiler version '192829333'; Build Type 'Release'
OS: 'Windows 11  (10.0.22621) 64bit CoreSingleLanguage' Language: 'en' Physical Memory: 16147 MB
BatchMode: 1, IsHumanControllingUs: 0, StartBugReporterOnCrash: 0, Is64bit: 1, IsPro: 1

COMMAND LINE ARGUMENTS:
C:\Program Files\Unity\Hub\Editor\2022.3.10f1\Editor\Unity.exe
-adb2
-batchMode
-noUpm
-name
AssetImportWorker1
-projectPath
C:/Tin/Courses/Unity/Project/Buoi03/Buoi03
-logFile
Logs/AssetImportWorker1.log
-srvPort
60808
Successfully changed project path to: C:/Tin/Courses/Unity/Project/Buoi03/Buoi03
C:/Tin/Courses/Unity/Project/Buoi03/Buoi03
[UnityMemory] Configuration Parameters - Can be set up in boot.config
    "memorysetup-bucket-allocator-granularity=16"
    "memorysetup-bucket-allocator-bucket-count=8"
    "memorysetup-bucket-allocator-block-size=33554432"
    "memorysetup-bucket-allocator-block-count=8"
    "memorysetup-main-allocator-block-size=16777216"
    "memorysetup-thread-allocator-block-size=16777216"
    "memorysetup-gfx-main-allocator-block-size=16777216"
    "memorysetup-gfx-thread-allocator-block-size=16777216"
    "memorysetup-cache-allocator-block-size=4194304"
    "memorysetup-typetree-allocator-block-size=2097152"
    "memorysetup-profiler-bucket-allocator-granularity=16"
    "memorysetup-profiler-bucket-allocator-bucket-count=8"
    "memorysetup-profiler-bucket-allocator-block-size=33554432"
    "memorysetup-profiler-bucket-allocator-block-count=8"
    "memorysetup-profiler-allocator-block-size=16777216"
    "memorysetup-profiler-editor-allocator-block-size=1048576"
    "memorysetup-temp-allocator-size-main=16777216"
    "memorysetup-job-temp-allocator-block-size=2097152"
    "memorysetup-job-temp-allocator-block-size-background=1048576"
    "memorysetup-job-temp-allocator-reduction-small-platforms=262144"
    "memorysetup-allocator-temp-initial-block-size-main=262144"
    "memorysetup-allocator-temp-initial-block-size-worker=262144"
    "memorysetup-temp-allocator-size-background-worker=32768"
    "memorysetup-temp-allocator-size-job-worker=262144"
    "memorysetup-temp-allocator-size-preload-manager=33554432"
    "memorysetup-temp-allocator-size-nav-mesh-worker=65536"
    "memorysetup-temp-allocator-size-audio-worker=65536"
    "memorysetup-temp-allocator-size-cloud-worker=32768"
    "memorysetup-temp-allocator-size-gi-baking-worker=262144"
    "memorysetup-temp-allocator-size-gfx=262144"
Player connection [11720] Host "[IP] 192.168.1.10 [Port] 0 [Flags] 2 [Guid] 16826983 [EditorId] 16826983 [Version] 1048832 [Id] WindowsEditor(7,LAPTOP-G5HQJSJ2) [Debug] 1 [PackageName] WindowsEditor [ProjectName] Editor" joined multi-casting on [225.0.0.222:54997]...

Player connection [11720] Host "[IP] 192.168.1.10 [Port] 0 [Flags] 2 [Guid] 16826983 [EditorId] 16826983 [Version] 1048832 [Id] WindowsEditor(7,LAPTOP-G5HQJSJ2) [Debug] 1 [PackageName] WindowsEditor [ProjectName] Editor" joined alternative multi-casting on [225.0.0.222:34997]...

[Physics::Module] Initialized MultithreadedJobDispatcher with 15 workers.
Refreshing native plugins compatible for Editor in 18.36 ms, found 4 plugins.
Preloading 0 native plugins for Editor in 0.00 ms.
Initialize engine version: 2022.3.10f1 (ff3792e53c62)
[Subsystems] Discovering subsystems at path C:/Program Files/Unity/Hub/Editor/2022.3.10f1/Editor/Data/Resources/UnitySubsystems
[Subsystems] Discovering subsystems at path C:/Tin/Courses/Unity/Project/Buoi03/Buoi03/Assets
GfxDevice: creating device client; threaded=0; jobified=0
Direct3D:
    Version:  Direct3D 11.0 [level 11.1]
    Renderer: NVIDIA GeForce RTX 3050 Ti Laptop GPU (ID=0x25a0)
    Vendor:   NVIDIA
    VRAM:     3976 MB
    Driver:   31.0.15.3129
Initialize mono
Mono path[0] = 'C:/Program Files/Unity/Hub/Editor/2022.3.10f1/Editor/Data/Managed'
Mono path[1] = 'C:/Program Files/Unity/Hub/Editor/2022.3.10f1/Editor/Data/MonoBleedingEdge/lib/mono/unityjit-win32'
Mono config path = 'C:/Program Files/Unity/Hub/Editor/2022.3.10f1/Editor/Data/MonoBleedingEdge/etc'
Using monoOptions --debugger-agent=transport=dt_socket,embedding=1,server=y,suspend=n,address=127.0.0.1:56168
Begin MonoManager ReloadAssembly
Registering precompiled unity dll's ...
Register platform support module: C:/Program Files/Unity/Hub/Editor/2022.3.10f1/Editor/Data/PlaybackEngines/WebGLSupport/UnityEditor.WebGL.Extensions.dll
Register platform support module: C:/Program Files/Unity/Hub/Editor/2022.3.10f1/Editor/Data/PlaybackEngines/WindowsStandaloneSupport/UnityEditor.WindowsStandalone.Extensions.dll
Registered in 0.017215 seconds.
- Loaded All Assemblies, in  0.382 seconds
Native extension for WindowsStandalone target not found
Native extension for WebGL target not found
Mono: successfully reloaded assembly
- Finished resetting the current domain, in  0.216 seconds
Domain Reload Profiling: 597ms
	BeginReloadAssembly (125ms)
		ExecutionOrderSort (0ms)
		DisableScriptedObjects (0ms)
		BackupInstance (0ms)
		ReleaseScriptingObjects (0ms)
		CreateAndSetChildDomain (1ms)
	RebuildCommonClasses (30ms)
	RebuildNativeTypeToScriptingClass (11ms)
	initialDomainReloadingComplete (64ms)
	LoadAllAssembliesAndSetupDomain (151ms)
		LoadAssemblies (122ms)
		RebuildTransferFunctionScriptingTraits (0ms)
		AnalyzeDomain (149ms)
			TypeCache.Refresh (148ms)
				TypeCache.ScanAssembly (134ms)
			ScanForSourceGeneratedMonoScriptInfo (1ms)
			ResolveRequiredComponents (0ms)
	FinalizeReload (216ms)
		ReleaseScriptCaches (0ms)
		RebuildScriptCaches (0ms)
		SetupLoadedEditorAssemblies (169ms)
			LogAssemblyErrors (0ms)
			InitializePlatformSupportModulesInManaged (9ms)
			SetLoadedEditorAssemblies (5ms)
			RefreshPlugins (0ms)
			BeforeProcessingInitializeOnLoad (2ms)
			ProcessInitializeOnLoadAttributes (107ms)
			ProcessInitializeOnLoadMethodAttributes (46ms)
			AfterProcessingInitializeOnLoad (0ms)
			EditorAssembliesLoaded (0ms)
		ExecutionOrderSort2 (0ms)
		AwakeInstancesAfterBackupRestoration (0ms)
========================================================================
Worker process is ready to serve import requests
Begin MonoManager ReloadAssembly
- Loaded All Assemblies, in  1.541 seconds
Refreshing native plugins compatible for Editor in 3.42 ms, found 4 plugins.
Native extension for WindowsStandalone target not found
Native extension for WebGL target not found
Package Manager log level set to [2]
[Package Manager] Server::EnsureServerProcessIsRunning -- launch failed, reason: Unity was launched with the -noUpm command-line argument
[Package Manager] UpmClient::Send -- Unable to send message (not connected to UPM process).
[Package Manager] Cannot connect to Unity Package Manager local server
Mono: successfully reloaded assembly
- Finished resetting the current domain, in  0.612 seconds
Domain Reload Profiling: 2152ms
	BeginReloadAssembly (144ms)
		ExecutionOrderSort (0ms)
		DisableScriptedObjects (4ms)
		BackupInstance (0ms)
		ReleaseScriptingObjects (0ms)
		CreateAndSetChildDomain (24ms)
	RebuildCommonClasses (32ms)
	RebuildNativeTypeToScriptingClass (9ms)
	initialDomainReloadingComplete (38ms)
	LoadAllAssembliesAndSetupDomain (1316ms)
		LoadAssemblies (1229ms)
		RebuildTransferFunctionScriptingTraits (0ms)
		AnalyzeDomain (172ms)
			TypeCache.Refresh (144ms)
				TypeCache.ScanAssembly (125ms)
			ScanForSourceGeneratedMonoScriptInfo (21ms)
			ResolveRequiredComponents (5ms)
	FinalizeReload (612ms)
		ReleaseScriptCaches (0ms)
		RebuildScriptCaches (0ms)
		SetupLoadedEditorAssemblies (460ms)
			LogAssemblyErrors (0ms)
			InitializePlatformSupportModulesInManaged (6ms)
			SetLoadedEditorAssemblies (5ms)
			RefreshPlugins (0ms)
			BeforeProcessingInitializeOnLoad (66ms)
			ProcessInitializeOnLoadAttributes (346ms)
			ProcessInitializeOnLoadMethodAttributes (31ms)
			AfterProcessingInitializeOnLoad (5ms)
			EditorAssembliesLoaded (0ms)
		ExecutionOrderSort2 (0ms)
		AwakeInstancesAfterBackupRestoration (5ms)
Launched and connected shader compiler UnityShaderCompiler.exe after 0.05 seconds
Refreshing native plugins compatible for Editor in 9.09 ms, found 4 plugins.
Preloading 0 native plugins for Editor in 0.00 ms.
Unloading 4613 Unused Serialized files (Serialized files now loaded: 0)
Unloading 89 unused Assets / (317.6 KB). Loaded Objects now: 5071.
Memory consumption went from 158.7 MB to 158.4 MB.
Total: 4.495700 ms (FindLiveObjects: 0.420400 ms CreateObjectMapping: 0.243200 ms MarkObjects: 3.525200 ms  DeleteObjects: 0.303700 ms)

AssetImportParameters requested are different than current active one (requested -> active):
  custom:container-demuxer-ogg: 62fdf1f143b41e24485cea50d1cbac27 -> 
  custom:video-decoder-ogg-theora: a1e56fd34408186e4bbccfd4996cb3dc -> 
  custom:framework-win-MediaFoundation: 216162199b28c13a410421893ffa2e32 -> 
  custom:CustomObjectIndexerAttribute: 756ad292c208cfabdd7b50bc23989ffe -> 
  custom:container-demuxer-webm: 4f35f7cbe854078d1ac9338744f61a02 -> 
  custom:container-muxer-webm: aa71ff27fc2769a1b78a27578f13a17b -> 
  custom:video-decoder-webm-vp8: 9c59270c3fd7afecdb556c50c9e8de78 -> 
  custom:SearchIndexIgnoredProperties: e643bd26f0fe6173181afceb89e7c659 -> 
  custom:AudioImporter_EditorPlatform: d09bf68614088b80899f8185d706f6e7 -> 
  custom:video-encoder-webm-vp8: eb34c28f22e8b96e1ab97ce403110664 -> 
  custom:audio-decoder-ogg-vorbis: bf7c407c2cedff20999df2af8eb42d56 -> 
  custom:audio-encoder-webm-vorbis: bf7c407c2cedff20999df2af8eb42d56 -> 
========================================================================
Received Import Request.
  Time since last request: 93093.266245 seconds.
  path: Assets/4000+SinplePixelIconPack/Sprites/Tools/Dice9.png
  artifactKey: Guid(fbb93935ec779b942b3f035a0c66c7a8) Importer(815301076,1909f56bfc062723c751e8b465ee728b)
Start importing Assets/4000+SinplePixelIconPack/Sprites/Tools/Dice9.png using Guid(fbb93935ec779b942b3f035a0c66c7a8) Importer(815301076,1909f56bfc062723c751e8b465ee728b)  -> (artifact id: '8daf0a545e737e40883f8b682e3a2ac6') in 0.115701 seconds
Number of updated asset objects reloaded before import = 0
Number of asset objects unloaded after import = 3
========================================================================
Received Import Request.
  Time since last request: 0.000033 seconds.
  path: Assets/4000+SinplePixelIconPack/Sprites/Tools/Flask3.png
  artifactKey: Guid(ead6a74950541ef4d8a3910459ebb07b) Importer(815301076,1909f56bfc062723c751e8b465ee728b)
Start importing Assets/4000+SinplePixelIconPack/Sprites/Tools/Flask3.png using Guid(ead6a74950541ef4d8a3910459ebb07b) Importer(815301076,1909f56bfc062723c751e8b465ee728b)  -> (artifact id: '3fa04ee4ad3e609f949c93b3adc1b814') in 0.016258 seconds
Number of updated asset objects reloaded before import = 0
Number of asset objects unloaded after import = 3
========================================================================
Received Import Request.
  Time since last request: 0.000025 seconds.
  path: Assets/4000+SinplePixelIconPack/Sprites/Tools/Game2.png
  artifactKey: Guid(4211f58d69a79b64897fdfc3d2855237) Importer(815301076,1909f56bfc062723c751e8b465ee728b)
Start importing Assets/4000+SinplePixelIconPack/Sprites/Tools/Game2.png using Guid(4211f58d69a79b64897fdfc3d2855237) Importer(815301076,1909f56bfc062723c751e8b465ee728b)  -> (artifact id: '7ab8c37fc0b74ac7deb9e9bcc5a4ab0b') in 0.015309 seconds
Number of updated asset objects reloaded before import = 0
Number of asset objects unloaded after import = 3
========================================================================
Received Import Request.
  Time since last request: 0.000016 seconds.
  path: Assets/4000+SinplePixelIconPack/Sprites/Tools/Dice11.png
  artifactKey: Guid(93635ca278909b84d949285fdccd4f4a) Importer(815301076,1909f56bfc062723c751e8b465ee728b)
Start importing Assets/4000+SinplePixelIconPack/Sprites/Tools/Dice11.png using Guid(93635ca278909b84d949285fdccd4f4a) Importer(815301076,1909f56bfc062723c751e8b465ee728b)  -> (artifact id: 'b2956be0b9e0ab21a3d2f8208aa542a2') in 0.012081 seconds
Number of updated asset objects reloaded before import = 0
Number of asset objects unloaded after import = 3
========================================================================
Received Import Request.
  Time since last request: 0.000016 seconds.
  path: Assets/4000+SinplePixelIconPack/Sprites/Tools/Drum1.png
  artifactKey: Guid(5fb6349a6e2e5b245a3b951f43696838) Importer(815301076,1909f56bfc062723c751e8b465ee728b)
Start importing Assets/4000+SinplePixelIconPack/Sprites/Tools/Drum1.png using Guid(5fb6349a6e2e5b245a3b951f43696838) Importer(815301076,1909f56bfc062723c751e8b465ee728b)  -> (artifact id: 'e9de52e6020c2e28a18f77594f4e8b1e') in 0.012992 seconds
Number of updated asset objects reloaded before import = 0
Number of asset objects unloaded after import = 3
========================================================================
Received Import Request.
  Time since last request: 34.579875 seconds.
  path: Assets/4000+SinplePixelIconPack/Sprites/UI/Switch2.png
  artifactKey: Guid(f10b0f4314f006c4ebf5538a06ecde4e) Importer(815301076,1909f56bfc062723c751e8b465ee728b)
Start importing Assets/4000+SinplePixelIconPack/Sprites/UI/Switch2.png using Guid(f10b0f4314f006c4ebf5538a06ecde4e) Importer(815301076,1909f56bfc062723c751e8b465ee728b)  -> (artifact id: '7f365820cd55cafcceb271d826a3936a') in 0.018509 seconds
Number of updated asset objects reloaded before import = 0
Number of asset objects unloaded after import = 3
========================================================================
Received Import Request.
  Time since last request: 0.000019 seconds.
  path: Assets/4000+SinplePixelIconPack/Sprites/UI/Switch5.png
  artifactKey: Guid(ff941295416ff2a43a7cb7b8ba429248) Importer(815301076,1909f56bfc062723c751e8b465ee728b)
Start importing Assets/4000+SinplePixelIconPack/Sprites/UI/Switch5.png using Guid(ff941295416ff2a43a7cb7b8ba429248) Importer(815301076,1909f56bfc062723c751e8b465ee728b)  -> (artifact id: '381ac6ef2ecaa0d77f94efc8b872c9e2') in 0.013480 seconds
Number of updated asset objects reloaded before import = 0
Number of asset objects unloaded after import = 3
========================================================================
Received Import Request.
  Time since last request: 0.000018 seconds.
  path: Assets/4000+SinplePixelIconPack/Sprites/UI/ToggleOff1.png
  artifactKey: Guid(45b41cc768b54d5458f5ba7eb5bdb6f8) Importer(815301076,1909f56bfc062723c751e8b465ee728b)
Start importing Assets/4000+SinplePixelIconPack/Sprites/UI/ToggleOff1.png using Guid(45b41cc768b54d5458f5ba7eb5bdb6f8) Importer(815301076,1909f56bfc062723c751e8b465ee728b)  -> (artifact id: '61be6774487b708ec04973081a35916b') in 0.014310 seconds
Number of updated asset objects reloaded before import = 0
Number of asset objects unloaded after import = 3
========================================================================
Received Import Request.
  Time since last request: 0.000016 seconds.
  path: Assets/4000+SinplePixelIconPack/Sprites/UI/UpArrow1.png
  artifactKey: Guid(05e2bae0abe94f548b79c37e931cf097) Importer(815301076,1909f56bfc062723c751e8b465ee728b)
Start importing Assets/4000+SinplePixelIconPack/Sprites/UI/UpArrow1.png using Guid(05e2bae0abe94f548b79c37e931cf097) Importer(815301076,1909f56bfc062723c751e8b465ee728b)  -> (artifact id: 'a95644fe08696081cadcaf5883cc5eb2') in 0.015201 seconds
Number of updated asset objects reloaded before import = 0
Number of asset objects unloaded after import = 3
========================================================================
Received Import Request.
  Time since last request: 0.000018 seconds.
  path: Assets/4000+SinplePixelIconPack/Sprites/UI/ToggleOn1.png
  artifactKey: Guid(fc04e6d53cd945044b50075ff41f9916) Importer(815301076,1909f56bfc062723c751e8b465ee728b)
Start importing Assets/4000+SinplePixelIconPack/Sprites/UI/ToggleOn1.png using Guid(fc04e6d53cd945044b50075ff41f9916) Importer(815301076,1909f56bfc062723c751e8b465ee728b)  -> (artifact id: 'fbe7ed99b7ad61335cf5a99efa0672f6') in 0.015774 seconds
Number of updated asset objects reloaded before import = 0
Number of asset objects unloaded after import = 3
Editor requested this worker to shutdown with reason: Scaling down because of idle timeout
TcpMessagingSession - receive error: operation aborted. errorcode: 995, details: The I/O operation has been aborted because of either a thread exit or an application request.
AssetImportWorker is now disconnected from the server
Process exiting
Exiting without the bug reporter. Application will terminate with return code 0